2024-12-19 03:57:44 [ERROR]: {
  "method": "GET",
  "url": "/error",
  "status": 400,
  "message": "Sample error occurred!",
  "stack": "Error: Sample error occurred!\n    at file:///C:/Users/hamza/OneDrive/Desktop/vidstie/backend/index.js:62:15\n    at Layer.handle [as handle_request] (C:\\Users\\hamza\\OneDrive\\Desktop\\vidstie\\backend\\node_modules\\express\\lib\\router\\layer.js:95:5)\n    at next (C:\\Users\\hamza\\OneDrive\\Desktop\\vidstie\\backend\\node_modules\\express\\lib\\router\\route.js:149:13)\n    at Route.dispatch (C:\\Users\\hamza\\OneDrive\\Desktop\\vidstie\\backend\\node_modules\\express\\lib\\router\\route.js:119:3)\n    at Layer.handle [as handle_request] (C:\\Users\\hamza\\OneDrive\\Desktop\\vidstie\\backend\\node_modules\\express\\lib\\router\\layer.js:95:5)\n    at C:\\Users\\hamza\\OneDrive\\Desktop\\vidstie\\backend\\node_modules\\express\\lib\\router\\index.js:284:15\n    at Function.process_params (C:\\Users\\hamza\\OneDrive\\Desktop\\vidstie\\backend\\node_modules\\express\\lib\\router\\index.js:346:12)\n    at next (C:\\Users\\hamza\\OneDrive\\Desktop\\vidstie\\backend\\node_modules\\express\\lib\\router\\index.js:280:10)\n    at logger (C:\\Users\\hamza\\OneDrive\\Desktop\\vidstie\\backend\\node_modules\\morgan\\index.js:144:5)\n    at Layer.handle [as handle_request] (C:\\Users\\hamza\\OneDrive\\Desktop\\vidstie\\backend\\node_modules\\express\\lib\\router\\layer.js:95:5)",
  "requestBody": {
    "user_id": 4,
    "target_id": 9,
    "target_type": "comment",
    "is_like": false
  }
}
2024-12-19 03:58:15 [DEBUG]: Executing (default): SELECT "review_id", "video_id", "member_id", "rating", "review_content", "createdAt", "updatedAt" FROM "ReviewsAndRatings" AS "ReviewsAndRatings" WHERE "ReviewsAndRatings"."token" = 'eyJhbGciOiJIUzI1NiIsInR5cCI6IkpXVCJ9.eyJpZCI6MiwiZW1haWwiOiJoYW16YXNhamphZDE2NjE1QGdtYWlsLmNvbSIsInVzZXJuYW1lIjoiSGFtemEiLCJyb2xlIjoiYWRtaW4iLCJpYXQiOjE3MzQ1NDc0NzEsImV4cCI6MTczNDU0OTI3MX0._BTvcZaSTj_Dt3NQYS_bd8ZoWSvXVzQsHVYAK2qdyFs' LIMIT 1;
2024-12-19 04:01:56 [INFO]: 🌐 Environment: development
2024-12-19 04:01:57 [INFO]: ✅ Database connected successfully!
2024-12-19 04:02:23 [INFO]: 🌐 Environment: development
2024-12-19 04:02:23 [INFO]: ✅ Database connected successfully!
2024-12-19 04:04:29 [INFO]: 🌐 Environment: development
2024-12-19 04:04:29 [INFO]: ✅ Database connected successfully!
2024-12-19 04:12:42 [INFO]: 🌐 Environment: development
2024-12-19 04:12:43 [INFO]: ✅ Database connected successfully!
2024-12-19 04:19:36 [INFO]: 🌐 Environment: development
2024-12-19 04:19:37 [INFO]: ✅ Database connected successfully!
2024-12-19 04:19:41 [ERROR]: {
  "method": "POST",
  "url": "/api/user/forgotPassword",
  "status": 400,
  "message": "Email is required",
  "stack": "BadRequestError: Email is required\n    at forgotPassword (file:///C:/Users/hamza/OneDrive/Desktop/vidstie/backend/components/user/userController.js:196:17)\n    at Layer.handle [as handle_request] (C:\\Users\\hamza\\OneDrive\\Desktop\\vidstie\\backend\\node_modules\\express\\lib\\router\\layer.js:95:5)\n    at next (C:\\Users\\hamza\\OneDrive\\Desktop\\vidstie\\backend\\node_modules\\express\\lib\\router\\route.js:149:13)\n    at file:///C:/Users/hamza/OneDrive/Desktop/vidstie/backend/node_modules/express-rate-limit/dist/index.mjs:724:7\n    at process.processTicksAndRejections (node:internal/process/task_queues:105:5)\n    at async file:///C:/Users/hamza/OneDrive/Desktop/vidstie/backend/node_modules/express-rate-limit/dist/index.mjs:622:5",
  "requestBody": {
    "user_id": 4,
    "target_id": 9,
    "target_type": "comment",
    "is_like": false
  }
}
2024-12-19 04:20:52 [ERROR]: {
  "method": "POST",
  "url": "/api/user/forgotPassword",
  "status": 400,
  "message": "Email is required",
  "stack": "BadRequestError: Email is required\n    at forgotPassword (file:///C:/Users/hamza/OneDrive/Desktop/vidstie/backend/components/user/userController.js:196:17)\n    at Layer.handle [as handle_request] (C:\\Users\\hamza\\OneDrive\\Desktop\\vidstie\\backend\\node_modules\\express\\lib\\router\\layer.js:95:5)\n    at next (C:\\Users\\hamza\\OneDrive\\Desktop\\vidstie\\backend\\node_modules\\express\\lib\\router\\route.js:149:13)\n    at file:///C:/Users/hamza/OneDrive/Desktop/vidstie/backend/node_modules/express-rate-limit/dist/index.mjs:724:7\n    at process.processTicksAndRejections (node:internal/process/task_queues:105:5)\n    at async file:///C:/Users/hamza/OneDrive/Desktop/vidstie/backend/node_modules/express-rate-limit/dist/index.mjs:622:5",
  "requestBody": {
    "Email": "hamzasjasdasjn@agam"
  }
}
2024-12-19 04:21:03 [ERROR]: {
  "method": "POST",
  "url": "/api/user/forgotPassword",
  "status": 400,
  "message": "Email is required",
  "stack": "BadRequestError: Email is required\n    at forgotPassword (file:///C:/Users/hamza/OneDrive/Desktop/vidstie/backend/components/user/userController.js:196:17)\n    at Layer.handle [as handle_request] (C:\\Users\\hamza\\OneDrive\\Desktop\\vidstie\\backend\\node_modules\\express\\lib\\router\\layer.js:95:5)\n    at next (C:\\Users\\hamza\\OneDrive\\Desktop\\vidstie\\backend\\node_modules\\express\\lib\\router\\route.js:149:13)\n    at file:///C:/Users/hamza/OneDrive/Desktop/vidstie/backend/node_modules/express-rate-limit/dist/index.mjs:724:7\n    at process.processTicksAndRejections (node:internal/process/task_queues:105:5)\n    at async file:///C:/Users/hamza/OneDrive/Desktop/vidstie/backend/node_modules/express-rate-limit/dist/index.mjs:622:5",
  "requestBody": {
    "Email": "hamzasjasdasjn@agam.com"
  }
}
2024-12-19 04:22:14 [ERROR]: {
  "method": "POST",
  "url": "/api/user/forgotPassword",
  "status": 404,
  "message": "No account found with that email",
  "stack": "NotFoundError: No account found with that email\n    at forgotPassword (file:///C:/Users/hamza/OneDrive/Desktop/vidstie/backend/components/user/userController.js:203:19)\n    at process.processTicksAndRejections (node:internal/process/task_queues:105:5)",
  "requestBody": {
    "email": "hamzasjasdasjn@agam.com"
  }
}
2024-12-19 04:27:14 [INFO]: 🌐 Environment: development
2024-12-19 04:27:15 [INFO]: ✅ Database connected successfully!
2024-12-19 04:39:20 [INFO]: 🌐 Environment: development
2024-12-19 04:39:21 [INFO]: ✅ Database connected successfully!
2024-12-19 04:39:24 [ERROR]: ReferenceError: next is not defined
    at signup (file:///C:/Users/hamza/OneDrive/Desktop/vidstie/backend/components/user/userController.js:40:5)
    at Layer.handle [as handle_request] (C:\Users\hamza\OneDrive\Desktop\vidstie\backend\node_modules\express\lib\router\layer.js:95:5)
    at next (C:\Users\hamza\OneDrive\Desktop\vidstie\backend\node_modules\express\lib\router\route.js:149:13)
    at file:///C:/Users/hamza/OneDrive/Desktop/vidstie/backend/node_modules/express-rate-limit/dist/index.mjs:724:7
    at process.processTicksAndRejections (node:internal/process/task_queues:105:5)
    at async file:///C:/Users/hamza/OneDrive/Desktop/vidstie/backend/node_modules/express-rate-limit/dist/index.mjs:622:5
2024-12-19 04:39:45 [INFO]: 🌐 Environment: development
2024-12-19 04:39:46 [INFO]: ✅ Database connected successfully!
2024-12-19 04:40:02 [ERROR]: {
  "method": "POST",
  "url": "/api/user/signup",
  "status": 400,
  "message": "Password is not strong enough.",
  "stack": "BadRequestError: Password is not strong enough.\n    at signup (file:///C:/Users/hamza/OneDrive/Desktop/vidstie/backend/components/user/userController.js:40:17)\n    at Layer.handle [as handle_request] (C:\\Users\\hamza\\OneDrive\\Desktop\\vidstie\\backend\\node_modules\\express\\lib\\router\\layer.js:95:5)\n    at next (C:\\Users\\hamza\\OneDrive\\Desktop\\vidstie\\backend\\node_modules\\express\\lib\\router\\route.js:149:13)\n    at file:///C:/Users/hamza/OneDrive/Desktop/vidstie/backend/node_modules/express-rate-limit/dist/index.mjs:724:7\n    at process.processTicksAndRejections (node:internal/process/task_queues:105:5)\n    at async file:///C:/Users/hamza/OneDrive/Desktop/vidstie/backend/node_modules/express-rate-limit/dist/index.mjs:622:5",
  "requestBody": {
    "username": "Hamza",
    "email": "hazmasajjad16615@gmail.com",
    "password": "hamzasajjad"
  }
}
2024-12-19 04:40:22 [INFO]: 🌐 Environment: production
2024-12-19 04:40:29 [INFO]: 🌐 Environment: production
2024-12-19 04:40:56 [INFO]: 🌐 Environment: development
2024-12-19 04:40:57 [INFO]: ✅ Database connected successfully!
2024-12-19 04:41:16 [ERROR]: {
  "method": "POST",
  "url": "/api/user/signup",
  "status": 400,
  "message": "\"password\" length must be at least 6 characters long",
  "stack": "BadRequestError: \"password\" length must be at least 6 characters long\n    at signup (file:///C:/Users/hamza/OneDrive/Desktop/vidstie/backend/components/user/userController.js:25:26)\n    at Layer.handle [as handle_request] (C:\\Users\\hamza\\OneDrive\\Desktop\\vidstie\\backend\\node_modules\\express\\lib\\router\\layer.js:95:5)\n    at next (C:\\Users\\hamza\\OneDrive\\Desktop\\vidstie\\backend\\node_modules\\express\\lib\\router\\route.js:149:13)\n    at file:///C:/Users/hamza/OneDrive/Desktop/vidstie/backend/node_modules/express-rate-limit/dist/index.mjs:724:7\n    at process.processTicksAndRejections (node:internal/process/task_queues:105:5)\n    at async file:///C:/Users/hamza/OneDrive/Desktop/vidstie/backend/node_modules/express-rate-limit/dist/index.mjs:622:5",
  "requestBody": {
    "username": "Hamza",
    "email": "hazmasajjad16615@gmail.com",
    "password": "hamza"
  }
}
2024-12-19 04:57:50 [INFO]: 🌐 Environment: development
2024-12-19 04:57:50 [INFO]: ✅ Database connected successfully!
2024-12-19 05:33:23 [ERROR]: ReferenceError: logger is not defined
    at login (file:///C:/Users/hamza/OneDrive/Desktop/vidstie/backend/components/user/userController.js:158:5)
    at process.processTicksAndRejections (node:internal/process/task_queues:105:5)
2024-12-19 05:33:52 [INFO]: 🌐 Environment: development
2024-12-19 05:33:53 [INFO]: ✅ Database connected successfully!
2024-12-19 05:33:55 [ERROR]: Error
    at Query.run (C:\Users\hamza\OneDrive\Desktop\vidstie\backend\node_modules\sequelize\lib\dialects\postgres\query.js:50:25)
    at C:\Users\hamza\OneDrive\Desktop\vidstie\backend\node_modules\sequelize\lib\sequelize.js:315:28
    at process.processTicksAndRejections (node:internal/process/task_queues:105:5)
    at async PostgresQueryInterface.insert (C:\Users\hamza\OneDrive\Desktop\vidstie\backend\node_modules\sequelize\lib\dialects\abstract\query-interface.js:308:21)
    at async model.save (C:\Users\hamza\OneDrive\Desktop\vidstie\backend\node_modules\sequelize\lib\model.js:2490:35)
    at async CurrentSession.create (C:\Users\hamza\OneDrive\Desktop\vidstie\backend\node_modules\sequelize\lib\model.js:1362:12)
    at async login (file:///C:/Users/hamza/OneDrive/Desktop/vidstie/backend/components/user/userController.js:100:5)
2024-12-19 05:33:55 [ERROR]: {
  "method": "POST",
  "url": "/api/user/login",
  "status": 500,
  "message": "Internal Server Error",
  "stack": "InternalServerError: Internal Server Error\n    at login (file:///C:/Users/hamza/OneDrive/Desktop/vidstie/backend/components/user/userController.js:160:10)\n    at process.processTicksAndRejections (node:internal/process/task_queues:105:5)",
  "requestBody": {
    "email": "hazmasajjad16615@gmail.com",
    "password": "hamza1AS@1!vv59632"
  }
}
2024-12-19 05:36:05 [INFO]: 🌐 Environment: development
2024-12-19 05:36:05 [INFO]: ✅ Database connected successfully!
2024-12-19 05:36:08 [ERROR]: Error
    at Query.run (C:\Users\hamza\OneDrive\Desktop\vidstie\backend\node_modules\sequelize\lib\dialects\postgres\query.js:50:25)
    at C:\Users\hamza\OneDrive\Desktop\vidstie\backend\node_modules\sequelize\lib\sequelize.js:315:28
    at process.processTicksAndRejections (node:internal/process/task_queues:105:5)
    at async PostgresQueryInterface.insert (C:\Users\hamza\OneDrive\Desktop\vidstie\backend\node_modules\sequelize\lib\dialects\abstract\query-interface.js:308:21)
    at async model.save (C:\Users\hamza\OneDrive\Desktop\vidstie\backend\node_modules\sequelize\lib\model.js:2490:35)
    at async CurrentSession.create (C:\Users\hamza\OneDrive\Desktop\vidstie\backend\node_modules\sequelize\lib\model.js:1362:12)
    at async login (file:///C:/Users/hamza/OneDrive/Desktop/vidstie/backend/components/user/userController.js:101:5)
2024-12-19 05:36:08 [ERROR]: {
  "method": "POST",
  "url": "/api/user/login",
  "status": 500,
  "message": "Internal Server Error",
  "stack": "InternalServerError: Internal Server Error\n    at login (file:///C:/Users/hamza/OneDrive/Desktop/vidstie/backend/components/user/userController.js:161:10)\n    at process.processTicksAndRejections (node:internal/process/task_queues:105:5)",
  "requestBody": {
    "email": "hazmasajjad16615@gmail.com",
    "password": "hamza1AS@1!vv59632"
  }
}
2024-12-19 05:36:28 [INFO]: 🌐 Environment: development
2024-12-19 05:36:29 [INFO]: ✅ Database connected successfully!
2024-12-19 05:36:31 [ERROR]: Error
    at Query.run (C:\Users\hamza\OneDrive\Desktop\vidstie\backend\node_modules\sequelize\lib\dialects\postgres\query.js:50:25)
    at C:\Users\hamza\OneDrive\Desktop\vidstie\backend\node_modules\sequelize\lib\sequelize.js:315:28
    at process.processTicksAndRejections (node:internal/process/task_queues:105:5)
    at async PostgresQueryInterface.insert (C:\Users\hamza\OneDrive\Desktop\vidstie\backend\node_modules\sequelize\lib\dialects\abstract\query-interface.js:308:21)
    at async model.save (C:\Users\hamza\OneDrive\Desktop\vidstie\backend\node_modules\sequelize\lib\model.js:2490:35)
    at async CurrentSession.create (C:\Users\hamza\OneDrive\Desktop\vidstie\backend\node_modules\sequelize\lib\model.js:1362:12)
    at async login (file:///C:/Users/hamza/OneDrive/Desktop/vidstie/backend/components/user/userController.js:100:5)
2024-12-19 05:36:31 [ERROR]: {
  "method": "POST",
  "url": "/api/user/login",
  "status": 500,
  "message": "Internal Server Error",
  "stack": "InternalServerError: Internal Server Error\n    at login (file:///C:/Users/hamza/OneDrive/Desktop/vidstie/backend/components/user/userController.js:160:10)\n    at process.processTicksAndRejections (node:internal/process/task_queues:105:5)",
  "requestBody": {
    "email": "hazmasajjad16615@gmail.com",
    "password": "hamza1AS@1!vv59632"
  }
}
2024-12-19 05:36:47 [ERROR]: Error
    at Query.run (C:\Users\hamza\OneDrive\Desktop\vidstie\backend\node_modules\sequelize\lib\dialects\postgres\query.js:50:25)
    at C:\Users\hamza\OneDrive\Desktop\vidstie\backend\node_modules\sequelize\lib\sequelize.js:315:28
    at process.processTicksAndRejections (node:internal/process/task_queues:105:5)
    at async PostgresQueryInterface.insert (C:\Users\hamza\OneDrive\Desktop\vidstie\backend\node_modules\sequelize\lib\dialects\abstract\query-interface.js:308:21)
    at async model.save (C:\Users\hamza\OneDrive\Desktop\vidstie\backend\node_modules\sequelize\lib\model.js:2490:35)
    at async CurrentSession.create (C:\Users\hamza\OneDrive\Desktop\vidstie\backend\node_modules\sequelize\lib\model.js:1362:12)
    at async login (file:///C:/Users/hamza/OneDrive/Desktop/vidstie/backend/components/user/userController.js:100:5)
2024-12-19 05:36:47 [ERROR]: {
  "method": "POST",
  "url": "/api/user/login",
  "status": 500,
  "message": "Internal Server Error",
  "stack": "InternalServerError: Internal Server Error\n    at login (file:///C:/Users/hamza/OneDrive/Desktop/vidstie/backend/components/user/userController.js:160:10)\n    at process.processTicksAndRejections (node:internal/process/task_queues:105:5)",
  "requestBody": {
    "email": "hazmasajjad16615@gmail.com",
    "password": "hamza1AS@1!vv59632"
  }
}
2024-12-19 05:37:18 [INFO]: 🌐 Environment: development
2024-12-19 05:37:19 [INFO]: ✅ Database connected successfully!
2024-12-19 05:37:21 [ERROR]: Error
    at Query.run (C:\Users\hamza\OneDrive\Desktop\vidstie\backend\node_modules\sequelize\lib\dialects\postgres\query.js:50:25)
    at C:\Users\hamza\OneDrive\Desktop\vidstie\backend\node_modules\sequelize\lib\sequelize.js:315:28
    at process.processTicksAndRejections (node:internal/process/task_queues:105:5)
    at async PostgresQueryInterface.insert (C:\Users\hamza\OneDrive\Desktop\vidstie\backend\node_modules\sequelize\lib\dialects\abstract\query-interface.js:308:21)
    at async model.save (C:\Users\hamza\OneDrive\Desktop\vidstie\backend\node_modules\sequelize\lib\model.js:2490:35)
    at async CurrentSession.create (C:\Users\hamza\OneDrive\Desktop\vidstie\backend\node_modules\sequelize\lib\model.js:1362:12)
    at async login (file:///C:/Users/hamza/OneDrive/Desktop/vidstie/backend/components/user/userController.js:100:5)
2024-12-19 05:37:21 [ERROR]: {
  "method": "POST",
  "url": "/api/user/login",
  "status": 500,
  "message": "Internal Server Error",
  "stack": "InternalServerError: Internal Server Error\n    at login (file:///C:/Users/hamza/OneDrive/Desktop/vidstie/backend/components/user/userController.js:160:10)\n    at process.processTicksAndRejections (node:internal/process/task_queues:105:5)",
  "requestBody": {
    "email": "hazmasajjad16615@gmail.com",
    "password": "hamza1AS@1!vv59632"
  }
}
2024-12-19 05:38:44 [INFO]: 🌐 Environment: development
2024-12-19 05:38:45 [INFO]: ✅ Database connected successfully!
2024-12-19 05:38:46 [ERROR]: Error
    at Query.run (C:\Users\hamza\OneDrive\Desktop\vidstie\backend\node_modules\sequelize\lib\dialects\postgres\query.js:50:25)
    at C:\Users\hamza\OneDrive\Desktop\vidstie\backend\node_modules\sequelize\lib\sequelize.js:315:28
    at async PostgresQueryInterface.insert (C:\Users\hamza\OneDrive\Desktop\vidstie\backend\node_modules\sequelize\lib\dialects\abstract\query-interface.js:308:21)
    at async model.save (C:\Users\hamza\OneDrive\Desktop\vidstie\backend\node_modules\sequelize\lib\model.js:2490:35)
    at async CurrentSession.create (C:\Users\hamza\OneDrive\Desktop\vidstie\backend\node_modules\sequelize\lib\model.js:1362:12)
    at async login (file:///C:/Users/hamza/OneDrive/Desktop/vidstie/backend/components/user/userController.js:101:5)
2024-12-19 05:38:46 [ERROR]: {
  "method": "POST",
  "url": "/api/user/login",
  "status": 500,
  "message": "Internal Server Error",
  "stack": "InternalServerError: Internal Server Error\n    at login (file:///C:/Users/hamza/OneDrive/Desktop/vidstie/backend/components/user/userController.js:161:10)\n    at process.processTicksAndRejections (node:internal/process/task_queues:105:5)",
  "requestBody": {
    "email": "hazmasajjad16615@gmail.com",
    "password": "hamza1AS@1!vv59632"
  }
}
2024-12-19 05:39:03 [INFO]: 🌐 Environment: development
2024-12-19 05:39:03 [INFO]: ✅ Database connected successfully!
2024-12-19 05:43:10 [INFO]: 🌐 Environment: development
2024-12-19 05:43:10 [INFO]: ✅ Database connected successfully!
2024-12-19 05:44:50 [INFO]: 🌐 Environment: development
2024-12-19 05:44:50 [INFO]: ✅ Database connected successfully!
2024-12-19 05:44:53 [ERROR]: {
  "method": "POST",
  "url": "/api/user/logout",
  "status": 400,
  "message": "Please login first",
  "stack": "BadRequestError: Please login first\n    at logout (file:///C:/Users/hamza/OneDrive/Desktop/vidstie/backend/components/user/userController.js:169:19)\n    at Layer.handle [as handle_request] (C:\\Users\\hamza\\OneDrive\\Desktop\\vidstie\\backend\\node_modules\\express\\lib\\router\\layer.js:95:5)\n    at next (C:\\Users\\hamza\\OneDrive\\Desktop\\vidstie\\backend\\node_modules\\express\\lib\\router\\route.js:149:13)\n    at file:///C:/Users/hamza/OneDrive/Desktop/vidstie/backend/node_modules/express-rate-limit/dist/index.mjs:724:7\n    at process.processTicksAndRejections (node:internal/process/task_queues:105:5)\n    at async file:///C:/Users/hamza/OneDrive/Desktop/vidstie/backend/node_modules/express-rate-limit/dist/index.mjs:622:5",
  "requestBody": {
    "email": "hazmasajjad16615@gmail.com",
    "password": "hamza1AS@1!vv59632"
  }
}
2024-12-19 05:47:46 [INFO]: 🌐 Environment: development
2024-12-19 05:47:47 [INFO]: ✅ Database connected successfully!
2024-12-19 05:49:36 [INFO]: 🌐 Environment: development
2024-12-19 05:49:36 [INFO]: ✅ Database connected successfully!
2024-12-19 05:53:08 [INFO]: 🌐 Environment: development
2024-12-19 05:53:09 [INFO]: ✅ Database connected successfully!
2024-12-19 05:58:47 [INFO]: 🌐 Environment: development
2024-12-19 05:58:48 [INFO]: ✅ Database connected successfully!
2024-12-19 05:59:32 [INFO]: 🌐 Environment: development
2024-12-19 05:59:32 [INFO]: ✅ Database connected successfully!
2024-12-19 05:59:39 [ERROR]: Error: WHERE parameter "user_id" has invalid "undefined" value
    at PostgresQueryGenerator.whereItemQuery (C:\Users\hamza\OneDrive\Desktop\vidstie\backend\node_modules\sequelize\lib\dialects\abstract\query-generator.js:1746:13)
    at C:\Users\hamza\OneDrive\Desktop\vidstie\backend\node_modules\sequelize\lib\dialects\abstract\query-generator.js:1737:25
    at Array.forEach (<anonymous>)
    at PostgresQueryGenerator.whereItemsQuery (C:\Users\hamza\OneDrive\Desktop\vidstie\backend\node_modules\sequelize\lib\dialects\abstract\query-generator.js:1735:35)
    at PostgresQueryGenerator.getWhereConditions (C:\Users\hamza\OneDrive\Desktop\vidstie\backend\node_modules\sequelize\lib\dialects\abstract\query-generator.js:2078:19)
    at PostgresQueryGenerator.deleteQuery (C:\Users\hamza\OneDrive\Desktop\vidstie\backend\node_modules\sequelize\lib\dialects\postgres\query-generator.js:269:28)
    at PostgresQueryInterface.bulkDelete (C:\Users\hamza\OneDrive\Desktop\vidstie\backend\node_modules\sequelize\lib\dialects\abstract\query-interface.js:403:59)
    at CurrentSession.destroy (C:\Users\hamza\OneDrive\Desktop\vidstie\backend\node_modules\sequelize\lib\model.js:1838:42)
    at process.processTicksAndRejections (node:internal/process/task_queues:105:5)
    at async logout (file:///C:/Users/hamza/OneDrive/Desktop/vidstie/backend/components/user/userController.js:175:28)
2024-12-19 05:59:39 [ERROR]: {
  "method": "POST",
  "url": "/api/user/logout",
  "status": 500,
  "message": "Error logging out",
  "stack": "InternalServerError: Error logging out\n    at logout (file:///C:/Users/hamza/OneDrive/Desktop/vidstie/backend/components/user/userController.js:211:10)\n    at process.processTicksAndRejections (node:internal/process/task_queues:105:5)",
  "requestBody": {
    "email": "hazmasajjad16615@gmail.com",
    "password": "hamza1AS@1!vv59632"
  }
}
2024-12-19 06:04:07 [INFO]: 🌐 Environment: development
2024-12-19 06:04:08 [INFO]: ✅ Database connected successfully!
2024-12-19 06:04:10 [ERROR]: Error
    at Query.run (C:\Users\hamza\OneDrive\Desktop\vidstie\backend\node_modules\sequelize\lib\dialects\postgres\query.js:50:25)
    at C:\Users\hamza\OneDrive\Desktop\vidstie\backend\node_modules\sequelize\lib\sequelize.js:315:28
    at process.processTicksAndRejections (node:internal/process/task_queues:105:5)
    at async PostgresQueryInterface.insert (C:\Users\hamza\OneDrive\Desktop\vidstie\backend\node_modules\sequelize\lib\dialects\abstract\query-interface.js:308:21)
    at async model.save (C:\Users\hamza\OneDrive\Desktop\vidstie\backend\node_modules\sequelize\lib\model.js:2490:35)
    at async CurrentSession.create (C:\Users\hamza\OneDrive\Desktop\vidstie\backend\node_modules\sequelize\lib\model.js:1362:12)
    at async login (file:///C:/Users/hamza/OneDrive/Desktop/vidstie/backend/components/user/userController.js:102:5)
2024-12-19 06:04:10 [ERROR]: {
  "method": "POST",
  "url": "/api/user/login",
  "status": 500,
  "message": "Internal Server Error",
  "stack": "InternalServerError: Internal Server Error\n    at login (file:///C:/Users/hamza/OneDrive/Desktop/vidstie/backend/components/user/userController.js:142:10)\n    at process.processTicksAndRejections (node:internal/process/task_queues:105:5)",
  "requestBody": {
    "email": "hazmasajjad16615@gmail.com",
    "password": "hamza1AS@1!vv59632"
  }
}
2024-12-19 06:06:06 [ERROR]: {
  "method": "POST",
  "url": "/api/user/login",
  "status": 400,
  "message": "Invalid email or password",
  "stack": "BadRequestError: Invalid email or password\n    at login (file:///C:/Users/hamza/OneDrive/Desktop/vidstie/backend/components/user/userController.js:93:19)\n    at process.processTicksAndRejections (node:internal/process/task_queues:105:5)",
  "requestBody": {
    "email": "hazmasajjad1661@gmail.com",
    "password": "hamza1AS@1!vv59632"
  }
}
2024-12-19 06:06:11 [ERROR]: {
  "method": "POST",
  "url": "/api/user/login",
  "status": 400,
  "message": "Invalid email or password",
  "stack": "BadRequestError: Invalid email or password\n    at login (file:///C:/Users/hamza/OneDrive/Desktop/vidstie/backend/components/user/userController.js:97:29)",
  "requestBody": {
    "email": "hazmasajjad16615@gmail.com",
    "password": "hamza1AS@1!vv5632"
  }
}
2024-12-19 06:06:34 [ERROR]: Error
    at Query.run (C:\Users\hamza\OneDrive\Desktop\vidstie\backend\node_modules\sequelize\lib\dialects\postgres\query.js:50:25)
    at C:\Users\hamza\OneDrive\Desktop\vidstie\backend\node_modules\sequelize\lib\sequelize.js:315:28
    at process.processTicksAndRejections (node:internal/process/task_queues:105:5)
    at async PostgresQueryInterface.insert (C:\Users\hamza\OneDrive\Desktop\vidstie\backend\node_modules\sequelize\lib\dialects\abstract\query-interface.js:308:21)
    at async model.save (C:\Users\hamza\OneDrive\Desktop\vidstie\backend\node_modules\sequelize\lib\model.js:2490:35)
    at async CurrentSession.create (C:\Users\hamza\OneDrive\Desktop\vidstie\backend\node_modules\sequelize\lib\model.js:1362:12)
    at async login (file:///C:/Users/hamza/OneDrive/Desktop/vidstie/backend/components/user/userController.js:102:5)
2024-12-19 06:06:34 [ERROR]: {
  "method": "POST",
  "url": "/api/user/login",
  "status": 500,
  "message": "Internal Server Error",
  "stack": "InternalServerError: Internal Server Error\n    at login (file:///C:/Users/hamza/OneDrive/Desktop/vidstie/backend/components/user/userController.js:142:10)\n    at process.processTicksAndRejections (node:internal/process/task_queues:105:5)",
  "requestBody": {
    "email": "hazmasajjad16615@gmail.com",
    "password": "hamza1AS@1!vv59632"
  }
}
2024-12-19 06:06:47 [INFO]: 🌐 Environment: development
2024-12-19 06:06:47 [INFO]: ✅ Database connected successfully!
2024-12-19 06:07:07 [INFO]: 🌐 Environment: development
2024-12-19 06:07:08 [INFO]: ✅ Database connected successfully!
2024-12-19 06:07:10 [ERROR]: Error
    at Query.run (C:\Users\hamza\OneDrive\Desktop\vidstie\backend\node_modules\sequelize\lib\dialects\postgres\query.js:50:25)
    at C:\Users\hamza\OneDrive\Desktop\vidstie\backend\node_modules\sequelize\lib\sequelize.js:315:28
    at async PostgresQueryInterface.insert (C:\Users\hamza\OneDrive\Desktop\vidstie\backend\node_modules\sequelize\lib\dialects\abstract\query-interface.js:308:21)
    at async model.save (C:\Users\hamza\OneDrive\Desktop\vidstie\backend\node_modules\sequelize\lib\model.js:2490:35)
    at async CurrentSession.create (C:\Users\hamza\OneDrive\Desktop\vidstie\backend\node_modules\sequelize\lib\model.js:1362:12)
    at async login (file:///C:/Users/hamza/OneDrive/Desktop/vidstie/backend/components/user/userController.js:102:5)
2024-12-19 06:07:10 [ERROR]: {
  "method": "POST",
  "url": "/api/user/login",
  "status": 500,
  "message": "Internal Server Error",
  "stack": "InternalServerError: Internal Server Error\n    at login (file:///C:/Users/hamza/OneDrive/Desktop/vidstie/backend/components/user/userController.js:142:10)\n    at process.processTicksAndRejections (node:internal/process/task_queues:105:5)",
  "requestBody": {
    "email": "hazmasajjad16615@gmail.com",
    "password": "hamza1AS@1!vv59632"
  }
}
2024-12-19 06:11:09 [INFO]: 🌐 Environment: development
2024-12-19 06:11:09 [INFO]: ✅ Database connected successfully!
2024-12-19 06:11:21 [INFO]: 🌐 Environment: development
2024-12-19 06:11:21 [INFO]: ✅ Database connected successfully!
2024-12-19 06:12:21 [ERROR]: {
  "method": "POST",
  "url": "/api/user/login",
  "status": 400,
  "message": "Invalid email or password",
  "stack": "BadRequestError: Invalid email or password\n    at login (file:///C:/Users/hamza/OneDrive/Desktop/vidstie/backend/components/user/userController.js:93:19)\n    at process.processTicksAndRejections (node:internal/process/task_queues:105:5)",
  "requestBody": {
    "email": "hazmasajjad16615@gmail.com",
    "password": "hamza1AS@1!vv59632"
  }
}
2024-12-19 06:17:26 [ERROR]: Error: WHERE parameter "user_id" has invalid "undefined" value
    at PostgresQueryGenerator.whereItemQuery (C:\Users\hamza\OneDrive\Desktop\vidstie\backend\node_modules\sequelize\lib\dialects\abstract\query-generator.js:1746:13)
    at C:\Users\hamza\OneDrive\Desktop\vidstie\backend\node_modules\sequelize\lib\dialects\abstract\query-generator.js:1737:25
    at Array.forEach (<anonymous>)
    at PostgresQueryGenerator.whereItemsQuery (C:\Users\hamza\OneDrive\Desktop\vidstie\backend\node_modules\sequelize\lib\dialects\abstract\query-generator.js:1735:35)
    at PostgresQueryGenerator.getWhereConditions (C:\Users\hamza\OneDrive\Desktop\vidstie\backend\node_modules\sequelize\lib\dialects\abstract\query-generator.js:2078:19)
    at PostgresQueryGenerator.deleteQuery (C:\Users\hamza\OneDrive\Desktop\vidstie\backend\node_modules\sequelize\lib\dialects\postgres\query-generator.js:269:28)
    at PostgresQueryInterface.bulkDelete (C:\Users\hamza\OneDrive\Desktop\vidstie\backend\node_modules\sequelize\lib\dialects\abstract\query-interface.js:403:59)
    at CurrentSession.destroy (C:\Users\hamza\OneDrive\Desktop\vidstie\backend\node_modules\sequelize\lib\model.js:1838:42)
    at process.processTicksAndRejections (node:internal/process/task_queues:105:5)
    at async logout (file:///C:/Users/hamza/OneDrive/Desktop/vidstie/backend/components/user/userController.js:155:28)
2024-12-19 06:17:26 [ERROR]: {
  "method": "POST",
  "url": "/api/user/logout",
  "status": 500,
  "message": "Error logging out",
  "stack": "InternalServerError: Error logging out\n    at logout (file:///C:/Users/hamza/OneDrive/Desktop/vidstie/backend/components/user/userController.js:191:10)\n    at process.processTicksAndRejections (node:internal/process/task_queues:105:5)",
  "requestBody": {
    "email": "hazmasajjad16615@gmail.com",
    "password": "hamza1AS@1!vv59632"
  }
}
2024-12-19 06:20:43 [INFO]: 🌐 Environment: development
2024-12-19 06:20:44 [INFO]: ✅ Database connected successfully!
2024-12-19 06:22:38 [INFO]: 🌐 Environment: development
2024-12-19 06:22:39 [INFO]: ✅ Database connected successfully!
2024-12-19 06:22:49 [ERROR]: {
  "method": "POST",
  "url": "/api/user/logout",
  "status": 400,
  "message": "Please login first",
  "stack": "BadRequestError: Please login first\n    at logout (file:///C:/Users/hamza/OneDrive/Desktop/vidstie/backend/components/user/userController.js:150:19)\n    at Layer.handle [as handle_request] (C:\\Users\\hamza\\OneDrive\\Desktop\\vidstie\\backend\\node_modules\\express\\lib\\router\\layer.js:95:5)\n    at next (C:\\Users\\hamza\\OneDrive\\Desktop\\vidstie\\backend\\node_modules\\express\\lib\\router\\route.js:149:13)\n    at file:///C:/Users/hamza/OneDrive/Desktop/vidstie/backend/node_modules/express-rate-limit/dist/index.mjs:724:7\n    at process.processTicksAndRejections (node:internal/process/task_queues:105:5)\n    at async file:///C:/Users/hamza/OneDrive/Desktop/vidstie/backend/node_modules/express-rate-limit/dist/index.mjs:622:5",
  "requestBody": {
    "email": "hazmasajjad16615@gmail.com",
    "password": "hamza1AS@1!vv59632"
  }
}
2024-12-19 06:23:13 [ERROR]: {
  "method": "POST",
  "url": "/api/user/logout",
  "status": 400,
  "message": "Please login first",
  "stack": "BadRequestError: Please login first\n    at logout (file:///C:/Users/hamza/OneDrive/Desktop/vidstie/backend/components/user/userController.js:150:19)\n    at Layer.handle [as handle_request] (C:\\Users\\hamza\\OneDrive\\Desktop\\vidstie\\backend\\node_modules\\express\\lib\\router\\layer.js:95:5)\n    at next (C:\\Users\\hamza\\OneDrive\\Desktop\\vidstie\\backend\\node_modules\\express\\lib\\router\\route.js:149:13)\n    at file:///C:/Users/hamza/OneDrive/Desktop/vidstie/backend/node_modules/express-rate-limit/dist/index.mjs:724:7\n    at process.processTicksAndRejections (node:internal/process/task_queues:105:5)\n    at async file:///C:/Users/hamza/OneDrive/Desktop/vidstie/backend/node_modules/express-rate-limit/dist/index.mjs:622:5",
  "requestBody": {
    "email": "hazmasajjad16615@gmail.com",
    "password": "hamza1AS@1!vv59632"
  }
}
2024-12-19 06:24:27 [INFO]: 🌐 Environment: development
2024-12-19 06:24:27 [INFO]: ✅ Database connected successfully!
2024-12-19 06:24:39 [ERROR]: {
  "method": "POST",
  "url": "/api/user/logout",
  "status": 400,
  "message": "Please login first",
  "stack": "BadRequestError: Please login first\n    at logout (file:///C:/Users/hamza/OneDrive/Desktop/vidstie/backend/components/user/userController.js:150:19)\n    at Layer.handle [as handle_request] (C:\\Users\\hamza\\OneDrive\\Desktop\\vidstie\\backend\\node_modules\\express\\lib\\router\\layer.js:95:5)\n    at next (C:\\Users\\hamza\\OneDrive\\Desktop\\vidstie\\backend\\node_modules\\express\\lib\\router\\route.js:149:13)\n    at file:///C:/Users/hamza/OneDrive/Desktop/vidstie/backend/node_modules/express-rate-limit/dist/index.mjs:724:7\n    at process.processTicksAndRejections (node:internal/process/task_queues:105:5)\n    at async file:///C:/Users/hamza/OneDrive/Desktop/vidstie/backend/node_modules/express-rate-limit/dist/index.mjs:622:5",
  "requestBody": {
    "email": "hazmasajjad16615@gmail.com",
    "password": "hamza1AS@1!vv59632"
  }
}
2024-12-19 06:25:51 [INFO]: 🌐 Environment: development
2024-12-19 06:25:52 [INFO]: ✅ Database connected successfully!
2024-12-19 06:25:54 [ERROR]: {
  "method": "POST",
  "url": "/api/user/logout",
  "status": 400,
  "message": "Please login first",
  "stack": "BadRequestError: Please login first\n    at logout (file:///C:/Users/hamza/OneDrive/Desktop/vidstie/backend/components/user/userController.js:150:19)\n    at Layer.handle [as handle_request] (C:\\Users\\hamza\\OneDrive\\Desktop\\vidstie\\backend\\node_modules\\express\\lib\\router\\layer.js:95:5)\n    at next (C:\\Users\\hamza\\OneDrive\\Desktop\\vidstie\\backend\\node_modules\\express\\lib\\router\\route.js:149:13)\n    at file:///C:/Users/hamza/OneDrive/Desktop/vidstie/backend/node_modules/express-rate-limit/dist/index.mjs:724:7\n    at process.processTicksAndRejections (node:internal/process/task_queues:105:5)\n    at async file:///C:/Users/hamza/OneDrive/Desktop/vidstie/backend/node_modules/express-rate-limit/dist/index.mjs:622:5",
  "requestBody": {
    "email": "hazmasajjad16615@gmail.com",
    "password": "hamza1AS@1!vv59632"
  }
}
2024-12-19 06:32:13 [INFO]: 🌐 Environment: development
2024-12-19 06:32:13 [INFO]: ✅ Database connected successfully!
2024-12-19 06:32:37 [ERROR]: {
  "method": "POST",
  "url": "/api/user/logout",
  "status": 400,
  "message": "Please login first",
  "stack": "BadRequestError: Please login first\n    at logout (file:///C:/Users/hamza/OneDrive/Desktop/vidstie/backend/components/user/userController.js:150:19)\n    at Layer.handle [as handle_request] (C:\\Users\\hamza\\OneDrive\\Desktop\\vidstie\\backend\\node_modules\\express\\lib\\router\\layer.js:95:5)\n    at next (C:\\Users\\hamza\\OneDrive\\Desktop\\vidstie\\backend\\node_modules\\express\\lib\\router\\route.js:149:13)\n    at file:///C:/Users/hamza/OneDrive/Desktop/vidstie/backend/node_modules/express-rate-limit/dist/index.mjs:724:7\n    at process.processTicksAndRejections (node:internal/process/task_queues:105:5)\n    at async file:///C:/Users/hamza/OneDrive/Desktop/vidstie/backend/node_modules/express-rate-limit/dist/index.mjs:622:5",
  "requestBody": {
    "email": "hazmasajjad16615@gmail.com",
    "password": "hamza1AS@1!vv59632"
  }
}
2024-12-19 06:38:24 [INFO]: 🌐 Environment: development
2024-12-19 06:38:25 [INFO]: ✅ Database connected successfully!
2024-12-19 06:38:33 [ERROR]: {
  "method": "POST",
  "url": "/api/user/logout",
  "status": 400,
  "message": "Please login first",
  "stack": "BadRequestError: Please login first\n    at logout (file:///C:/Users/hamza/OneDrive/Desktop/vidstie/backend/components/user/userController.js:151:19)\n    at Layer.handle [as handle_request] (C:\\Users\\hamza\\OneDrive\\Desktop\\vidstie\\backend\\node_modules\\express\\lib\\router\\layer.js:95:5)\n    at next (C:\\Users\\hamza\\OneDrive\\Desktop\\vidstie\\backend\\node_modules\\express\\lib\\router\\route.js:149:13)\n    at file:///C:/Users/hamza/OneDrive/Desktop/vidstie/backend/node_modules/express-rate-limit/dist/index.mjs:724:7\n    at process.processTicksAndRejections (node:internal/process/task_queues:105:5)\n    at async file:///C:/Users/hamza/OneDrive/Desktop/vidstie/backend/node_modules/express-rate-limit/dist/index.mjs:622:5",
  "requestBody": {
    "email": "hazmasajjad16615@gmail.com",
    "password": "hamza1AS@1!vv59632"
  }
}
2024-12-19 06:39:03 [INFO]: 🌐 Environment: development
2024-12-19 06:39:03 [INFO]: ✅ Database connected successfully!
2024-12-19 06:39:51 [ERROR]: Error: WHERE parameter "user_id" has invalid "undefined" value
    at PostgresQueryGenerator.whereItemQuery (C:\Users\hamza\OneDrive\Desktop\vidstie\backend\node_modules\sequelize\lib\dialects\abstract\query-generator.js:1746:13)
    at C:\Users\hamza\OneDrive\Desktop\vidstie\backend\node_modules\sequelize\lib\dialects\abstract\query-generator.js:1737:25
    at Array.forEach (<anonymous>)
    at PostgresQueryGenerator.whereItemsQuery (C:\Users\hamza\OneDrive\Desktop\vidstie\backend\node_modules\sequelize\lib\dialects\abstract\query-generator.js:1735:35)
    at PostgresQueryGenerator.getWhereConditions (C:\Users\hamza\OneDrive\Desktop\vidstie\backend\node_modules\sequelize\lib\dialects\abstract\query-generator.js:2078:19)
    at PostgresQueryGenerator.deleteQuery (C:\Users\hamza\OneDrive\Desktop\vidstie\backend\node_modules\sequelize\lib\dialects\postgres\query-generator.js:269:28)
    at PostgresQueryInterface.bulkDelete (C:\Users\hamza\OneDrive\Desktop\vidstie\backend\node_modules\sequelize\lib\dialects\abstract\query-interface.js:403:59)
    at CurrentSession.destroy (C:\Users\hamza\OneDrive\Desktop\vidstie\backend\node_modules\sequelize\lib\model.js:1838:42)
    at process.processTicksAndRejections (node:internal/process/task_queues:105:5)
    at async logout (file:///C:/Users/hamza/OneDrive/Desktop/vidstie/backend/components/user/userController.js:153:28)
2024-12-19 06:39:51 [ERROR]: {
  "method": "POST",
  "url": "/api/user/logout",
  "status": 500,
  "message": "Error logging out",
  "stack": "InternalServerError: Error logging out\n    at logout (file:///C:/Users/hamza/OneDrive/Desktop/vidstie/backend/components/user/userController.js:189:10)\n    at process.processTicksAndRejections (node:internal/process/task_queues:105:5)",
  "requestBody": {
    "email": "hazmasajjad16615@gmail.com",
    "password": "hamza1AS@1!vv59632"
  }
}
2024-12-19 06:42:55 [INFO]: 🌐 Environment: development
2024-12-19 06:42:55 [INFO]: ✅ Database connected successfully!
2024-12-19 06:42:59 [ERROR]: {
  "method": "POST",
  "url": "/api/user/logout",
  "status": 400,
  "message": "Please login first",
  "stack": "BadRequestError: Please login first\n    at logout (file:///C:/Users/hamza/OneDrive/Desktop/vidstie/backend/components/user/userController.js:151:19)\n    at Layer.handle [as handle_request] (C:\\Users\\hamza\\OneDrive\\Desktop\\vidstie\\backend\\node_modules\\express\\lib\\router\\layer.js:95:5)\n    at next (C:\\Users\\hamza\\OneDrive\\Desktop\\vidstie\\backend\\node_modules\\express\\lib\\router\\route.js:149:13)\n    at file:///C:/Users/hamza/OneDrive/Desktop/vidstie/backend/node_modules/express-rate-limit/dist/index.mjs:724:7\n    at process.processTicksAndRejections (node:internal/process/task_queues:105:5)\n    at async file:///C:/Users/hamza/OneDrive/Desktop/vidstie/backend/node_modules/express-rate-limit/dist/index.mjs:622:5",
  "requestBody": {
    "email": "hazmasajjad16615@gmail.com",
    "password": "hamza1AS@1!vv59632"
  }
}
2024-12-19 06:43:35 [INFO]: 🌐 Environment: development
2024-12-19 06:43:36 [INFO]: ✅ Database connected successfully!
2024-12-19 06:55:12 [INFO]: 🌐 Environment: development
2024-12-19 06:55:12 [INFO]: ✅ Database connected successfully!
2024-12-20 14:07:25 [INFO]: 🌐 Environment: development
2024-12-20 14:07:26 [INFO]: ✅ Database connected successfully!
2024-12-20 14:17:35 [INFO]: 🌐 Environment: development
2024-12-20 14:17:48 [INFO]: 🌐 Environment: development
2024-12-20 14:18:26 [INFO]: 🌐 Environment: development
2024-12-20 14:19:33 [INFO]: 🌐 Environment: development
2024-12-20 14:20:37 [INFO]: 🌐 Environment: development
2024-12-20 14:20:37 [INFO]: ✅ Database connected successfully!
2024-12-20 14:20:57 [INFO]: 🌐 Environment: development
2024-12-20 14:20:57 [INFO]: ✅ Database connected successfully!
2024-12-20 14:21:15 [INFO]: 🌐 Environment: development
2024-12-20 14:21:15 [INFO]: ✅ Database connected successfully!
2024-12-20 14:21:22 [ERROR]: {
  "method": "POST",
  "url": "/api/user/signup",
  "status": 400,
  "message": "\"username\" is required",
  "stack": "BadRequestError: \"username\" is required\n    at signup (file:///C:/Users/hamza/OneDrive/Desktop/vidstie/backend/components/user/userController.js:34:26)\n    at Layer.handle [as handle_request] (C:\\Users\\hamza\\OneDrive\\Desktop\\vidstie\\backend\\node_modules\\express\\lib\\router\\layer.js:95:5)\n    at next (C:\\Users\\hamza\\OneDrive\\Desktop\\vidstie\\backend\\node_modules\\express\\lib\\router\\route.js:149:13)\n    at file:///C:/Users/hamza/OneDrive/Desktop/vidstie/backend/node_modules/express-rate-limit/dist/index.mjs:724:7\n    at process.processTicksAndRejections (node:internal/process/task_queues:105:5)\n    at async file:///C:/Users/hamza/OneDrive/Desktop/vidstie/backend/node_modules/express-rate-limit/dist/index.mjs:622:5",
  "requestBody": {
    "email": "hazmasajjad16615@gmail.com",
    "password": "hamza1AS@1!vv59632"
  }
}
2024-12-20 14:22:30 [INFO]: 🌐 Environment: development
2024-12-20 14:22:31 [INFO]: ✅ Database connected successfully!
2024-12-20 14:22:35 [ERROR]: {
  "method": "POST",
  "url": "/api/user/signup",
  "status": 400,
  "message": "\"username\" is required",
  "stack": "BadRequestError: \"username\" is required\n    at signup (file:///C:/Users/hamza/OneDrive/Desktop/vidstie/backend/components/user/userController.js:34:26)\n    at Layer.handle [as handle_request] (C:\\Users\\hamza\\OneDrive\\Desktop\\vidstie\\backend\\node_modules\\express\\lib\\router\\layer.js:95:5)\n    at next (C:\\Users\\hamza\\OneDrive\\Desktop\\vidstie\\backend\\node_modules\\express\\lib\\router\\route.js:149:13)\n    at file:///C:/Users/hamza/OneDrive/Desktop/vidstie/backend/node_modules/express-rate-limit/dist/index.mjs:724:7\n    at process.processTicksAndRejections (node:internal/process/task_queues:105:5)\n    at async file:///C:/Users/hamza/OneDrive/Desktop/vidstie/backend/node_modules/express-rate-limit/dist/index.mjs:622:5",
  "requestBody": {
    "usename": "hasjd",
    "password": "hamza1AS@1!vv59632"
  }
}
2024-12-20 14:22:42 [ERROR]: {
  "method": "POST",
  "url": "/api/user/signup",
  "status": 400,
  "message": "\"email\" is required",
  "stack": "BadRequestError: \"email\" is required\n    at signup (file:///C:/Users/hamza/OneDrive/Desktop/vidstie/backend/components/user/userController.js:34:26)\n    at Layer.handle [as handle_request] (C:\\Users\\hamza\\OneDrive\\Desktop\\vidstie\\backend\\node_modules\\express\\lib\\router\\layer.js:95:5)\n    at next (C:\\Users\\hamza\\OneDrive\\Desktop\\vidstie\\backend\\node_modules\\express\\lib\\router\\route.js:149:13)\n    at file:///C:/Users/hamza/OneDrive/Desktop/vidstie/backend/node_modules/express-rate-limit/dist/index.mjs:724:7\n    at process.processTicksAndRejections (node:internal/process/task_queues:105:5)\n    at async file:///C:/Users/hamza/OneDrive/Desktop/vidstie/backend/node_modules/express-rate-limit/dist/index.mjs:622:5",
  "requestBody": {
    "username": "hasjd",
    "password": "hamza1AS@1!vv59632"
  }
}
2024-12-20 14:26:03 [INFO]: 🌐 Environment: development
2024-12-20 14:26:04 [INFO]: ✅ Database connected successfully!
2024-12-20 16:44:59 [INFO]: 🌐 Environment: development
2024-12-20 16:45:00 [INFO]: ✅ Database connected successfully!
2024-12-20 16:46:45 [ERROR]: {
  "method": "POST",
  "url": "/api/user/login",
  "status": 400,
  "message": "\"email\" is required",
  "stack": "BadRequestError: \"email\" is required\n    at login (file:///C:/Users/hamza/OneDrive/Desktop/vidstie/backend/components/user/userController.js:70:26)\n    at Layer.handle [as handle_request] (C:\\Users\\hamza\\OneDrive\\Desktop\\vidstie\\backend\\node_modules\\express\\lib\\router\\layer.js:95:5)\n    at next (C:\\Users\\hamza\\OneDrive\\Desktop\\vidstie\\backend\\node_modules\\express\\lib\\router\\route.js:149:13)\n    at file:///C:/Users/hamza/OneDrive/Desktop/vidstie/backend/node_modules/express-rate-limit/dist/index.mjs:724:7\n    at process.processTicksAndRejections (node:internal/process/task_queues:105:5)\n    at async file:///C:/Users/hamza/OneDrive/Desktop/vidstie/backend/node_modules/express-rate-limit/dist/index.mjs:622:5",
  "requestBody": {
    "emial": "hamzasajjad16615@gmail.com",
    "password": "hamza1AS@1!vv59632"
  }
}
2024-12-20 16:46:56 [ERROR]: {
  "method": "POST",
  "url": "/api/user/login",
  "status": 400,
  "message": "Invalid email or password",
  "stack": "BadRequestError: Invalid email or password\n    at login (file:///C:/Users/hamza/OneDrive/Desktop/vidstie/backend/components/user/userController.js:77:19)\n    at process.processTicksAndRejections (node:internal/process/task_queues:105:5)",
  "requestBody": {
    "email": "hamzasajjad16615@gmail.com",
    "password": "hamza1AS@1!vv59632"
  }
}
2024-12-20 16:48:26 [ERROR]: ReferenceError: logger is not defined
    at profileRoute (file:///C:/Users/hamza/OneDrive/Desktop/vidstie/backend/components/user/profileRoutes.js:24:5)
    at process.processTicksAndRejections (node:internal/process/task_queues:105:5)
2024-12-20 16:56:52 [INFO]: 🌐 Environment: development
2024-12-20 17:05:01 [INFO]: 🌐 Environment: development
2024-12-20 17:05:02 [INFO]: ✅ Database connected successfully!
2024-12-20 17:05:16 [ERROR]: Error
    at Query.run (C:\Users\hamza\OneDrive\Desktop\vidstie\backend\node_modules\sequelize\lib\dialects\postgres\query.js:50:25)
    at C:\Users\hamza\OneDrive\Desktop\vidstie\backend\node_modules\sequelize\lib\sequelize.js:315:28
    at process.processTicksAndRejections (node:internal/process/task_queues:105:5)
    at async PostgresQueryInterface.select (C:\Users\hamza\OneDrive\Desktop\vidstie\backend\node_modules\sequelize\lib\dialects\abstract\query-interface.js:407:12)
    at async Members.findAll (C:\Users\hamza\OneDrive\Desktop\vidstie\backend\node_modules\sequelize\lib\model.js:1140:21)
    at async Members.findOne (C:\Users\hamza\OneDrive\Desktop\vidstie\backend\node_modules\sequelize\lib\model.js:1240:12)
    at async profileRoute (file:///C:/Users/hamza/OneDrive/Desktop/vidstie/backend/components/user/profileRoutes.js:9:18)
2024-12-20 17:06:55 [INFO]: 🌐 Environment: development
2024-12-20 17:06:56 [INFO]: ✅ Database connected successfully!
2024-12-20 17:08:23 [INFO]: 🌐 Environment: development
2024-12-20 17:08:23 [INFO]: ✅ Database connected successfully!
2024-12-20 17:08:25 [ERROR]: ReferenceError: email is not defined
    at profileRoute (file:///C:/Users/hamza/OneDrive/Desktop/vidstie/backend/components/user/profileRoutes.js:9:51)
    at Layer.handle [as handle_request] (C:\Users\hamza\OneDrive\Desktop\vidstie\backend\node_modules\express\lib\router\layer.js:95:5)
    at next (C:\Users\hamza\OneDrive\Desktop\vidstie\backend\node_modules\express\lib\router\route.js:149:13)
    at file:///C:/Users/hamza/OneDrive/Desktop/vidstie/backend/node_modules/express-rate-limit/dist/index.mjs:724:7
    at process.processTicksAndRejections (node:internal/process/task_queues:105:5)
    at async file:///C:/Users/hamza/OneDrive/Desktop/vidstie/backend/node_modules/express-rate-limit/dist/index.mjs:622:5
2024-12-20 17:09:27 [INFO]: 🌐 Environment: development
2024-12-20 17:09:27 [INFO]: ✅ Database connected successfully!
2024-12-20 17:16:21 [ERROR]: {
  "method": "POST",
  "url": "/api/user/signup",
  "status": 400,
  "message": "\"password\" contains an invalid value",
  "stack": "BadRequestError: \"password\" contains an invalid value\n    at signup (file:///C:/Users/hamza/OneDrive/Desktop/vidstie/backend/components/user/userController.js:31:26)\n    at Layer.handle [as handle_request] (C:\\Users\\hamza\\OneDrive\\Desktop\\vidstie\\backend\\node_modules\\express\\lib\\router\\layer.js:95:5)\n    at next (C:\\Users\\hamza\\OneDrive\\Desktop\\vidstie\\backend\\node_modules\\express\\lib\\router\\route.js:149:13)\n    at file:///C:/Users/hamza/OneDrive/Desktop/vidstie/backend/node_modules/express-rate-limit/dist/index.mjs:724:7\n    at process.processTicksAndRejections (node:internal/process/task_queues:105:5)\n    at async file:///C:/Users/hamza/OneDrive/Desktop/vidstie/backend/node_modules/express-rate-limit/dist/index.mjs:622:5",
  "requestBody": {
    "username": "ham",
    "email": "hamzasajjad16615a@gmail.com",
    "password": "a"
  }
}
2024-12-20 17:17:01 [ERROR]: {
  "method": "POST",
  "url": "/api/user/signup",
  "status": 400,
  "message": "\"password\" contains an invalid value",
  "stack": "BadRequestError: \"password\" contains an invalid value\n    at signup (file:///C:/Users/hamza/OneDrive/Desktop/vidstie/backend/components/user/userController.js:31:26)\n    at Layer.handle [as handle_request] (C:\\Users\\hamza\\OneDrive\\Desktop\\vidstie\\backend\\node_modules\\express\\lib\\router\\layer.js:95:5)\n    at next (C:\\Users\\hamza\\OneDrive\\Desktop\\vidstie\\backend\\node_modules\\express\\lib\\router\\route.js:149:13)\n    at file:///C:/Users/hamza/OneDrive/Desktop/vidstie/backend/node_modules/express-rate-limit/dist/index.mjs:724:7\n    at process.processTicksAndRejections (node:internal/process/task_queues:105:5)\n    at async file:///C:/Users/hamza/OneDrive/Desktop/vidstie/backend/node_modules/express-rate-limit/dist/index.mjs:622:5",
  "requestBody": {
    "username": "ham",
    "email": "hamzasajjad16615a@gmail.com",
    "password": "321a"
  }
}
2024-12-20 17:17:07 [ERROR]: {
  "method": "POST",
  "url": "/api/user/signup",
  "status": 400,
  "message": "\"password\" contains an invalid value",
  "stack": "BadRequestError: \"password\" contains an invalid value\n    at signup (file:///C:/Users/hamza/OneDrive/Desktop/vidstie/backend/components/user/userController.js:31:26)\n    at Layer.handle [as handle_request] (C:\\Users\\hamza\\OneDrive\\Desktop\\vidstie\\backend\\node_modules\\express\\lib\\router\\layer.js:95:5)\n    at next (C:\\Users\\hamza\\OneDrive\\Desktop\\vidstie\\backend\\node_modules\\express\\lib\\router\\route.js:149:13)\n    at file:///C:/Users/hamza/OneDrive/Desktop/vidstie/backend/node_modules/express-rate-limit/dist/index.mjs:724:7\n    at process.processTicksAndRejections (node:internal/process/task_queues:105:5)\n    at async file:///C:/Users/hamza/OneDrive/Desktop/vidstie/backend/node_modules/express-rate-limit/dist/index.mjs:622:5",
  "requestBody": {
    "username": "ham",
    "email": "hamzasajjad16615a@gmail.com",
    "password": "321aewf"
  }
}
2024-12-20 17:17:11 [ERROR]: {
  "method": "POST",
  "url": "/api/user/signup",
  "status": 400,
  "message": "\"password\" contains an invalid value",
  "stack": "BadRequestError: \"password\" contains an invalid value\n    at signup (file:///C:/Users/hamza/OneDrive/Desktop/vidstie/backend/components/user/userController.js:31:26)\n    at Layer.handle [as handle_request] (C:\\Users\\hamza\\OneDrive\\Desktop\\vidstie\\backend\\node_modules\\express\\lib\\router\\layer.js:95:5)\n    at next (C:\\Users\\hamza\\OneDrive\\Desktop\\vidstie\\backend\\node_modules\\express\\lib\\router\\route.js:149:13)\n    at file:///C:/Users/hamza/OneDrive/Desktop/vidstie/backend/node_modules/express-rate-limit/dist/index.mjs:724:7\n    at process.processTicksAndRejections (node:internal/process/task_queues:105:5)\n    at async file:///C:/Users/hamza/OneDrive/Desktop/vidstie/backend/node_modules/express-rate-limit/dist/index.mjs:622:5",
  "requestBody": {
    "username": "ham",
    "email": "hamzasajjad16615a@gmail.com",
    "password": "321sdfa23r23t2taewf"
  }
}
2024-12-20 17:17:11 [ERROR]: {
  "method": "POST",
  "url": "/api/user/signup",
  "status": 400,
  "message": "\"password\" contains an invalid value",
  "stack": "BadRequestError: \"password\" contains an invalid value\n    at signup (file:///C:/Users/hamza/OneDrive/Desktop/vidstie/backend/components/user/userController.js:31:26)\n    at Layer.handle [as handle_request] (C:\\Users\\hamza\\OneDrive\\Desktop\\vidstie\\backend\\node_modules\\express\\lib\\router\\layer.js:95:5)\n    at next (C:\\Users\\hamza\\OneDrive\\Desktop\\vidstie\\backend\\node_modules\\express\\lib\\router\\route.js:149:13)\n    at file:///C:/Users/hamza/OneDrive/Desktop/vidstie/backend/node_modules/express-rate-limit/dist/index.mjs:724:7\n    at process.processTicksAndRejections (node:internal/process/task_queues:105:5)\n    at async file:///C:/Users/hamza/OneDrive/Desktop/vidstie/backend/node_modules/express-rate-limit/dist/index.mjs:622:5",
  "requestBody": {
    "username": "ham",
    "email": "hamzasajjad16615a@gmail.com",
    "password": "321sdfa23r23t2taewf"
  }
}
2024-12-20 17:17:11 [ERROR]: {
  "method": "POST",
  "url": "/api/user/signup",
  "status": 400,
  "message": "\"password\" contains an invalid value",
  "stack": "BadRequestError: \"password\" contains an invalid value\n    at signup (file:///C:/Users/hamza/OneDrive/Desktop/vidstie/backend/components/user/userController.js:31:26)\n    at Layer.handle [as handle_request] (C:\\Users\\hamza\\OneDrive\\Desktop\\vidstie\\backend\\node_modules\\express\\lib\\router\\layer.js:95:5)\n    at next (C:\\Users\\hamza\\OneDrive\\Desktop\\vidstie\\backend\\node_modules\\express\\lib\\router\\route.js:149:13)\n    at file:///C:/Users/hamza/OneDrive/Desktop/vidstie/backend/node_modules/express-rate-limit/dist/index.mjs:724:7\n    at process.processTicksAndRejections (node:internal/process/task_queues:105:5)\n    at async file:///C:/Users/hamza/OneDrive/Desktop/vidstie/backend/node_modules/express-rate-limit/dist/index.mjs:622:5",
  "requestBody": {
    "username": "ham",
    "email": "hamzasajjad16615a@gmail.com",
    "password": "321sdfa23r23t2taewf"
  }
}
2024-12-20 17:17:11 [ERROR]: {
  "method": "POST",
  "url": "/api/user/signup",
  "status": 400,
  "message": "\"password\" contains an invalid value",
  "stack": "BadRequestError: \"password\" contains an invalid value\n    at signup (file:///C:/Users/hamza/OneDrive/Desktop/vidstie/backend/components/user/userController.js:31:26)\n    at Layer.handle [as handle_request] (C:\\Users\\hamza\\OneDrive\\Desktop\\vidstie\\backend\\node_modules\\express\\lib\\router\\layer.js:95:5)\n    at next (C:\\Users\\hamza\\OneDrive\\Desktop\\vidstie\\backend\\node_modules\\express\\lib\\router\\route.js:149:13)\n    at file:///C:/Users/hamza/OneDrive/Desktop/vidstie/backend/node_modules/express-rate-limit/dist/index.mjs:724:7\n    at process.processTicksAndRejections (node:internal/process/task_queues:105:5)\n    at async file:///C:/Users/hamza/OneDrive/Desktop/vidstie/backend/node_modules/express-rate-limit/dist/index.mjs:622:5",
  "requestBody": {
    "username": "ham",
    "email": "hamzasajjad16615a@gmail.com",
    "password": "321sdfa23r23t2taewf"
  }
}
2024-12-20 17:19:51 [INFO]: 🌐 Environment: development
2024-12-20 17:19:51 [INFO]: ✅ Database connected successfully!
2024-12-20 17:19:56 [ERROR]: {
  "method": "POST",
  "url": "/api/user/signup",
  "status": 400,
  "message": "Password must contain at least one uppercase letter.",
  "stack": "BadRequestError: Password must contain at least one uppercase letter.\n    at signup (file:///C:/Users/hamza/OneDrive/Desktop/vidstie/backend/components/user/userController.js:31:26)\n    at Layer.handle [as handle_request] (C:\\Users\\hamza\\OneDrive\\Desktop\\vidstie\\backend\\node_modules\\express\\lib\\router\\layer.js:95:5)\n    at next (C:\\Users\\hamza\\OneDrive\\Desktop\\vidstie\\backend\\node_modules\\express\\lib\\router\\route.js:149:13)\n    at file:///C:/Users/hamza/OneDrive/Desktop/vidstie/backend/node_modules/express-rate-limit/dist/index.mjs:724:7\n    at process.processTicksAndRejections (node:internal/process/task_queues:105:5)\n    at async file:///C:/Users/hamza/OneDrive/Desktop/vidstie/backend/node_modules/express-rate-limit/dist/index.mjs:622:5",
  "requestBody": {
    "username": "ham",
    "email": "hamzasajjad16615a@gmail.com",
    "password": "321sdfa23r23t2taewf"
  }
}
2024-12-20 17:20:02 [ERROR]: {
  "method": "POST",
  "url": "/api/user/signup",
  "status": 400,
  "message": "Password must be at least 8 characters long. Password must contain at least one uppercase letter. Password must contain at least one lowercase letter.",
  "stack": "BadRequestError: Password must be at least 8 characters long. Password must contain at least one uppercase letter. Password must contain at least one lowercase letter.\n    at signup (file:///C:/Users/hamza/OneDrive/Desktop/vidstie/backend/components/user/userController.js:31:26)\n    at Layer.handle [as handle_request] (C:\\Users\\hamza\\OneDrive\\Desktop\\vidstie\\backend\\node_modules\\express\\lib\\router\\layer.js:95:5)\n    at next (C:\\Users\\hamza\\OneDrive\\Desktop\\vidstie\\backend\\node_modules\\express\\lib\\router\\route.js:149:13)\n    at file:///C:/Users/hamza/OneDrive/Desktop/vidstie/backend/node_modules/express-rate-limit/dist/index.mjs:724:7\n    at process.processTicksAndRejections (node:internal/process/task_queues:105:5)\n    at async file:///C:/Users/hamza/OneDrive/Desktop/vidstie/backend/node_modules/express-rate-limit/dist/index.mjs:622:5",
  "requestBody": {
    "username": "ham",
    "email": "hamzasajjad16615a@gmail.com",
    "password": "1"
  }
}
2024-12-20 17:20:20 [ERROR]: {
  "method": "POST",
  "url": "/api/user/signup",
  "status": 400,
  "message": "Password must be at least 8 characters long. Password must contain at least one uppercase letter.",
  "stack": "BadRequestError: Password must be at least 8 characters long. Password must contain at least one uppercase letter.\n    at signup (file:///C:/Users/hamza/OneDrive/Desktop/vidstie/backend/components/user/userController.js:31:26)\n    at Layer.handle [as handle_request] (C:\\Users\\hamza\\OneDrive\\Desktop\\vidstie\\backend\\node_modules\\express\\lib\\router\\layer.js:95:5)\n    at next (C:\\Users\\hamza\\OneDrive\\Desktop\\vidstie\\backend\\node_modules\\express\\lib\\router\\route.js:149:13)\n    at file:///C:/Users/hamza/OneDrive/Desktop/vidstie/backend/node_modules/express-rate-limit/dist/index.mjs:724:7\n    at process.processTicksAndRejections (node:internal/process/task_queues:105:5)\n    at async file:///C:/Users/hamza/OneDrive/Desktop/vidstie/backend/node_modules/express-rate-limit/dist/index.mjs:622:5",
  "requestBody": {
    "username": "ham",
    "email": "hamzasajjad16615a@gmail.com",
    "password": "18a"
  }
}
2024-12-20 17:20:28 [ERROR]: {
  "method": "POST",
  "url": "/api/user/signup",
  "status": 400,
  "message": "Password must be at least 8 characters long.",
  "stack": "BadRequestError: Password must be at least 8 characters long.\n    at signup (file:///C:/Users/hamza/OneDrive/Desktop/vidstie/backend/components/user/userController.js:31:26)\n    at Layer.handle [as handle_request] (C:\\Users\\hamza\\OneDrive\\Desktop\\vidstie\\backend\\node_modules\\express\\lib\\router\\layer.js:95:5)\n    at next (C:\\Users\\hamza\\OneDrive\\Desktop\\vidstie\\backend\\node_modules\\express\\lib\\router\\route.js:149:13)\n    at file:///C:/Users/hamza/OneDrive/Desktop/vidstie/backend/node_modules/express-rate-limit/dist/index.mjs:724:7\n    at process.processTicksAndRejections (node:internal/process/task_queues:105:5)\n    at async file:///C:/Users/hamza/OneDrive/Desktop/vidstie/backend/node_modules/express-rate-limit/dist/index.mjs:622:5",
  "requestBody": {
    "username": "ham",
    "email": "hamzasajjad16615a@gmail.com",
    "password": "1A8a"
  }
}
2024-12-20 17:22:02 [ERROR]: Error: Invalid or expired access token
    at verifyAccessToken (file:///C:/Users/hamza/OneDrive/Desktop/vidstie/backend/components/Utilities/tokenUtils.js:43:11)
    at authenticateToken (file:///C:/Users/hamza/OneDrive/Desktop/vidstie/backend/components/auth/authMiddleware.js:18:27)
    at process.processTicksAndRejections (node:internal/process/task_queues:105:5)
